Sat Mar 31 10:37:28 CST 2012  [debug] AvalonLogSystem initialized using logfile 'velocity.log'
Sat Mar 31 10:37:28 CST 2012   [info] ************************************************************** 
Sat Mar 31 10:37:28 CST 2012   [info] Starting Jakarta Velocity v1.4
Sat Mar 31 10:37:28 CST 2012   [info] RuntimeInstance initializing.
Sat Mar 31 10:37:28 CST 2012   [info] Default Properties File: org\apache\velocity\runtime\defaults\velocity.properties
Sat Mar 31 10:37:28 CST 2012   [info] Trying to use logger class org.apache.velocity.runtime.log.AvalonLogSystem
Sat Mar 31 10:37:28 CST 2012   [info] Using logger class org.apache.velocity.runtime.log.AvalonLogSystem
Sat Mar 31 10:37:28 CST 2012   [info] Default ResourceManager initializing. (class org.apache.velocity.runtime.resource.ResourceManagerImpl)
Sat Mar 31 10:37:28 CST 2012   [info] Resource Loader Instantiated: org.apache.velocity.runtime.resource.loader.FileResourceLoader
Sat Mar 31 10:37:28 CST 2012   [info] FileResourceLoader : initialization starting.
Sat Mar 31 10:37:28 CST 2012   [info] FileResourceLoader : adding path '.'
Sat Mar 31 10:37:28 CST 2012   [info] FileResourceLoader : initialization complete.
Sat Mar 31 10:37:28 CST 2012   [info] ResourceCache : initialized. (class org.apache.velocity.runtime.resource.ResourceCacheImpl)
Sat Mar 31 10:37:28 CST 2012   [info] Default ResourceManager initialization complete.
Sat Mar 31 10:37:28 CST 2012   [info] Loaded System Directive: org.apache.velocity.runtime.directive.Literal
Sat Mar 31 10:37:28 CST 2012   [info] Loaded System Directive: org.apache.velocity.runtime.directive.Macro
Sat Mar 31 10:37:28 CST 2012   [info] Loaded System Directive: org.apache.velocity.runtime.directive.Parse
Sat Mar 31 10:37:28 CST 2012   [info] Loaded System Directive: org.apache.velocity.runtime.directive.Include
Sat Mar 31 10:37:28 CST 2012   [info] Loaded System Directive: org.apache.velocity.runtime.directive.Foreach
Sat Mar 31 10:37:28 CST 2012   [info] Created: 20 parsers.
Sat Mar 31 10:37:28 CST 2012   [info] Velocimacro : initialization starting.
Sat Mar 31 10:37:28 CST 2012   [info] Velocimacro : adding VMs from VM library template : VM_global_library.vm
Sat Mar 31 10:37:28 CST 2012  [error] ResourceManager : unable to find resource 'VM_global_library.vm' in any resource loader.
Sat Mar 31 10:37:28 CST 2012   [info] Velocimacro : error using  VM library template VM_global_library.vm : org.apache.velocity.exception.ResourceNotFoundException: Unable to find resource 'VM_global_library.vm'
Sat Mar 31 10:37:28 CST 2012   [info] Velocimacro :  VM library template macro registration complete.
Sat Mar 31 10:37:28 CST 2012   [info] Velocimacro : allowInline = true : VMs can be defined inline in templates
Sat Mar 31 10:37:28 CST 2012   [info] Velocimacro : allowInlineToOverride = false : VMs defined inline may NOT replace previous VM definitions
Sat Mar 31 10:37:28 CST 2012   [info] Velocimacro : allowInlineLocal = false : VMs defined inline will be  global in scope if allowed.
Sat Mar 31 10:37:28 CST 2012   [info] Velocimacro : messages on  : VM system will output logging messages
Sat Mar 31 10:37:28 CST 2012   [info] Velocimacro : autoload off  : VM system will not automatically reload global library macros
Sat Mar 31 10:37:28 CST 2012   [info] Velocimacro : initialization complete.
Sat Mar 31 10:37:28 CST 2012   [info] Velocity successfully started.
Sat Mar 31 10:37:28 CST 2012  [error] RHS of #set statement is null. Context will not be modified. HtrIncomedayrpt [line 11, column 1]
Sat Mar 31 10:37:28 CST 2012  [error] RHS of #set statement is null. Context will not be modified. HtrIncomedayrpt [line 12, column 1]
Sat Mar 31 10:37:28 CST 2012  [error] RHS of #set statement is null. Context will not be modified. HtrStockdayrpt [line 11, column 1]
Sat Mar 31 10:37:28 CST 2012  [error] RHS of #set statement is null. Context will not be modified. HtrStockdayrpt [line 12, column 1]
Sat Mar 31 10:37:29 CST 2012  [error] RHS of #set statement is null. Context will not be modified. HtrTaxorgDebtReport [line 11, column 1]
Sat Mar 31 10:37:29 CST 2012  [error] RHS of #set statement is null. Context will not be modified. HtrTaxorgDebtReport [line 12, column 1]
Sat Mar 31 10:37:29 CST 2012  [error] RHS of #set statement is null. Context will not be modified. HtrTaxorgIncomedayrpt [line 11, column 1]
Sat Mar 31 10:37:29 CST 2012  [error] RHS of #set statement is null. Context will not be modified. HtrTaxorgIncomedayrpt [line 12, column 1]
Sat Mar 31 10:37:29 CST 2012  [error] RHS of #set statement is null. Context will not be modified. HtrTaxorgPayoutReport [line 11, column 1]
Sat Mar 31 10:37:29 CST 2012  [error] RHS of #set statement is null. Context will not be modified. HtrTaxorgPayoutReport [line 12, column 1]
Sat Mar 31 10:37:29 CST 2012  [error] RHS of #set statement is null. Context will not be modified. HtrTaxorgStockdayrpt [line 11, column 1]
Sat Mar 31 10:37:29 CST 2012  [error] RHS of #set statement is null. Context will not be modified. HtrTaxorgStockdayrpt [line 12, column 1]
Sat Mar 31 10:37:29 CST 2012  [error] RHS of #set statement is null. Context will not be modified. HtvDirectpaymsgmain [line 11, column 1]
Sat Mar 31 10:37:29 CST 2012  [error] RHS of #set statement is null. Context will not be modified. HtvDirectpaymsgmain [line 12, column 1]
Sat Mar 31 10:37:29 CST 2012  [error] RHS of #set statement is null. Context will not be modified. HtvDirectpaymsgsub [line 11, column 1]
Sat Mar 31 10:37:29 CST 2012  [error] RHS of #set statement is null. Context will not be modified. HtvDirectpaymsgsub [line 12, column 1]
Sat Mar 31 10:37:29 CST 2012  [error] RHS of #set statement is null. Context will not be modified. HtvDwbk [line 11, column 1]
Sat Mar 31 10:37:29 CST 2012  [error] RHS of #set statement is null. Context will not be modified. HtvDwbk [line 12, column 1]
Sat Mar 31 10:37:29 CST 2012  [error] RHS of #set statement is null. Context will not be modified. HtvFinIncomeDetail [line 11, column 1]
Sat Mar 31 10:37:29 CST 2012  [error] RHS of #set statement is null. Context will not be modified. HtvFinIncomeDetail [line 12, column 1]
Sat Mar 31 10:37:29 CST 2012  [error] RHS of #set statement is null. Context will not be modified. HtvFinIncomeonline [line 11, column 1]
Sat Mar 31 10:37:29 CST 2012  [error] RHS of #set statement is null. Context will not be modified. HtvFinIncomeonline [line 12, column 1]
Sat Mar 31 10:37:30 CST 2012  [error] RHS of #set statement is null. Context will not be modified. HtvFinIncomeonlineDivide [line 11, column 1]
Sat Mar 31 10:37:30 CST 2012  [error] RHS of #set statement is null. Context will not be modified. HtvFinIncomeonlineDivide [line 12, column 1]
Sat Mar 31 10:37:30 CST 2012  [error] RHS of #set statement is null. Context will not be modified. HtvGrantpaymsgmain [line 11, column 1]
Sat Mar 31 10:37:30 CST 2012  [error] RHS of #set statement is null. Context will not be modified. HtvGrantpaymsgmain [line 12, column 1]
Sat Mar 31 10:37:30 CST 2012  [error] RHS of #set statement is null. Context will not be modified. HtvGrantpaymsgsub [line 11, column 1]
Sat Mar 31 10:37:30 CST 2012  [error] RHS of #set statement is null. Context will not be modified. HtvGrantpaymsgsub [line 12, column 1]
Sat Mar 31 10:37:30 CST 2012  [error] RHS of #set statement is null. Context will not be modified. HtvInCorrhandbook [line 11, column 1]
Sat Mar 31 10:37:30 CST 2012  [error] RHS of #set statement is null. Context will not be modified. HtvInCorrhandbook [line 12, column 1]
Sat Mar 31 10:37:30 CST 2012  [error] RHS of #set statement is null. Context will not be modified. HtvInfile [line 11, column 1]
Sat Mar 31 10:37:30 CST 2012  [error] RHS of #set statement is null. Context will not be modified. HtvInfile [line 12, column 1]
Sat Mar 31 10:37:30 CST 2012  [error] RHS of #set statement is null. Context will not be modified. HtvInfileDetail [line 11, column 1]
Sat Mar 31 10:37:30 CST 2012  [error] RHS of #set statement is null. Context will not be modified. HtvInfileDetail [line 12, column 1]
Sat Mar 31 10:37:30 CST 2012  [error] RHS of #set statement is null. Context will not be modified. HtvPayoutfinanceMain [line 11, column 1]
Sat Mar 31 10:37:30 CST 2012  [error] RHS of #set statement is null. Context will not be modified. HtvPayoutfinanceMain [line 12, column 1]
Sat Mar 31 10:37:30 CST 2012  [error] RHS of #set statement is null. Context will not be modified. HtvPayoutfinanceSub [line 11, column 1]
Sat Mar 31 10:37:30 CST 2012  [error] RHS of #set statement is null. Context will not be modified. HtvPayoutfinanceSub [line 12, column 1]
Sat Mar 31 10:37:30 CST 2012  [error] RHS of #set statement is null. Context will not be modified. HtvPayoutmsgmain [line 11, column 1]
Sat Mar 31 10:37:30 CST 2012  [error] RHS of #set statement is null. Context will not be modified. HtvPayoutmsgmain [line 12, column 1]
Sat Mar 31 10:37:31 CST 2012  [error] RHS of #set statement is null. Context will not be modified. HtvPayoutmsgsub [line 11, column 1]
Sat Mar 31 10:37:31 CST 2012  [error] RHS of #set statement is null. Context will not be modified. HtvPayoutmsgsub [line 12, column 1]
Sat Mar 31 10:37:31 CST 2012  [error] RHS of #set statement is null. Context will not be modified. HtvTaxorgIncome [line 11, column 1]
Sat Mar 31 10:37:31 CST 2012  [error] RHS of #set statement is null. Context will not be modified. HtvTaxorgIncome [line 12, column 1]
Sat Mar 31 10:37:31 CST 2012  [error] RHS of #set statement is null. Context will not be modified. TbsTvDirectpayplanMain [line 11, column 1]
Sat Mar 31 10:37:31 CST 2012  [error] RHS of #set statement is null. Context will not be modified. TbsTvDirectpayplanMain [line 12, column 1]
Sat Mar 31 10:37:31 CST 2012  [error] RHS of #set statement is null. Context will not be modified. TbsTvDirectpayplanSub [line 11, column 1]
Sat Mar 31 10:37:31 CST 2012  [error] RHS of #set statement is null. Context will not be modified. TbsTvDirectpayplanSub [line 12, column 1]
Sat Mar 31 10:37:31 CST 2012  [error] RHS of #set statement is null. Context will not be modified. TbsTvDwbk [line 11, column 1]
Sat Mar 31 10:37:31 CST 2012  [error] RHS of #set statement is null. Context will not be modified. TbsTvDwbk [line 12, column 1]
Sat Mar 31 10:37:31 CST 2012  [error] RHS of #set statement is null. Context will not be modified. TbsTvGrantpayplanMain [line 11, column 1]
Sat Mar 31 10:37:31 CST 2012  [error] RHS of #set statement is null. Context will not be modified. TbsTvGrantpayplanMain [line 12, column 1]
Sat Mar 31 10:37:31 CST 2012  [error] RHS of #set statement is null. Context will not be modified. TbsTvGrantpayplanSub [line 11, column 1]
Sat Mar 31 10:37:31 CST 2012  [error] RHS of #set statement is null. Context will not be modified. TbsTvGrantpayplanSub [line 12, column 1]
Sat Mar 31 10:37:31 CST 2012  [error] RHS of #set statement is null. Context will not be modified. TbsTvInCorrhandbook [line 11, column 1]
Sat Mar 31 10:37:31 CST 2012  [error] RHS of #set statement is null. Context will not be modified. TbsTvInCorrhandbook [line 12, column 1]
Sat Mar 31 10:37:32 CST 2012  [error] RHS of #set statement is null. Context will not be modified. TbsTvPayout [line 11, column 1]
Sat Mar 31 10:37:32 CST 2012  [error] RHS of #set statement is null. Context will not be modified. TbsTvPayout [line 12, column 1]
Sat Mar 31 10:37:32 CST 2012  [error] RHS of #set statement is null. Context will not be modified. TdCorp [line 11, column 1]
Sat Mar 31 10:37:32 CST 2012  [error] RHS of #set statement is null. Context will not be modified. TdCorp [line 12, column 1]
Sat Mar 31 10:37:32 CST 2012  [error] RHS of #set statement is null. Context will not be modified. TdEnumtype [line 11, column 1]
Sat Mar 31 10:37:32 CST 2012  [error] RHS of #set statement is null. Context will not be modified. TdEnumtype [line 12, column 1]
Sat Mar 31 10:37:32 CST 2012  [error] RHS of #set statement is null. Context will not be modified. TdEnumvalue [line 11, column 1]
Sat Mar 31 10:37:32 CST 2012  [error] RHS of #set statement is null. Context will not be modified. TdEnumvalue [line 12, column 1]
Sat Mar 31 10:37:32 CST 2012  [error] RHS of #set statement is null. Context will not be modified. TrIncomedayrpt [line 11, column 1]
Sat Mar 31 10:37:32 CST 2012  [error] RHS of #set statement is null. Context will not be modified. TrIncomedayrpt [line 12, column 1]
Sat Mar 31 10:37:32 CST 2012  [error] RHS of #set statement is null. Context will not be modified. TrStockdayrpt [line 11, column 1]
Sat Mar 31 10:37:32 CST 2012  [error] RHS of #set statement is null. Context will not be modified. TrStockdayrpt [line 12, column 1]
Sat Mar 31 10:37:32 CST 2012  [error] RHS of #set statement is null. Context will not be modified. TrTaxorgDebtReport [line 11, column 1]
Sat Mar 31 10:37:32 CST 2012  [error] RHS of #set statement is null. Context will not be modified. TrTaxorgDebtReport [line 12, column 1]
Sat Mar 31 10:37:32 CST 2012  [error] RHS of #set statement is null. Context will not be modified. TrTaxorgIncomedayrpt [line 11, column 1]
Sat Mar 31 10:37:32 CST 2012  [error] RHS of #set statement is null. Context will not be modified. TrTaxorgIncomedayrpt [line 12, column 1]
Sat Mar 31 10:37:32 CST 2012  [error] RHS of #set statement is null. Context will not be modified. TrTaxorgPayoutReport [line 11, column 1]
Sat Mar 31 10:37:32 CST 2012  [error] RHS of #set statement is null. Context will not be modified. TrTaxorgPayoutReport [line 12, column 1]
Sat Mar 31 10:37:32 CST 2012  [error] RHS of #set statement is null. Context will not be modified. TrTaxorgStockdayrpt [line 11, column 1]
Sat Mar 31 10:37:32 CST 2012  [error] RHS of #set statement is null. Context will not be modified. TrTaxorgStockdayrpt [line 12, column 1]
Sat Mar 31 10:37:32 CST 2012  [error] RHS of #set statement is null. Context will not be modified. TsAssitflagtrans [line 11, column 1]
Sat Mar 31 10:37:32 CST 2012  [error] RHS of #set statement is null. Context will not be modified. TsAssitflagtrans [line 12, column 1]
Sat Mar 31 10:37:33 CST 2012  [error] RHS of #set statement is null. Context will not be modified. TsBankandpay [line 11, column 1]
Sat Mar 31 10:37:33 CST 2012  [error] RHS of #set statement is null. Context will not be modified. TsBankandpay [line 12, column 1]
Sat Mar 31 10:37:33 CST 2012  [error] RHS of #set statement is null. Context will not be modified. TsBankcode [line 11, column 1]
Sat Mar 31 10:37:33 CST 2012  [error] RHS of #set statement is null. Context will not be modified. TsBankcode [line 12, column 1]
Sat Mar 31 10:37:33 CST 2012  [error] RHS of #set statement is null. Context will not be modified. TsBudgetsubject [line 11, column 1]
Sat Mar 31 10:37:33 CST 2012  [error] RHS of #set statement is null. Context will not be modified. TsBudgetsubject [line 12, column 1]
Sat Mar 31 10:37:33 CST 2012  [error] RHS of #set statement is null. Context will not be modified. TsCoderegtype [line 11, column 1]
Sat Mar 31 10:37:33 CST 2012  [error] RHS of #set statement is null. Context will not be modified. TsCoderegtype [line 12, column 1]
Sat Mar 31 10:37:33 CST 2012  [error] RHS of #set statement is null. Context will not be modified. TsConnection [line 11, column 1]
Sat Mar 31 10:37:33 CST 2012  [error] RHS of #set statement is null. Context will not be modified. TsConnection [line 12, column 1]
Sat Mar 31 10:37:33 CST 2012  [error] RHS of #set statement is null. Context will not be modified. TsConvertassitsign [line 11, column 1]
Sat Mar 31 10:37:33 CST 2012  [error] RHS of #set statement is null. Context will not be modified. TsConvertassitsign [line 12, column 1]
Sat Mar 31 10:37:33 CST 2012  [error] RHS of #set statement is null. Context will not be modified. TsConvertfinorg [line 11, column 1]
Sat Mar 31 10:37:33 CST 2012  [error] RHS of #set statement is null. Context will not be modified. TsConvertfinorg [line 12, column 1]
Sat Mar 31 10:37:33 CST 2012  [error] RHS of #set statement is null. Context will not be modified. TsConverttaxorg [line 11, column 1]
Sat Mar 31 10:37:33 CST 2012  [error] RHS of #set statement is null. Context will not be modified. TsConverttaxorg [line 12, column 1]
Sat Mar 31 10:37:33 CST 2012  [error] RHS of #set statement is null. Context will not be modified. TsConverttobank [line 11, column 1]
Sat Mar 31 10:37:33 CST 2012  [error] RHS of #set statement is null. Context will not be modified. TsConverttobank [line 12, column 1]
Sat Mar 31 10:37:34 CST 2012  [error] RHS of #set statement is null. Context will not be modified. TsCorrreason [line 11, column 1]
Sat Mar 31 10:37:34 CST 2012  [error] RHS of #set statement is null. Context will not be modified. TsCorrreason [line 12, column 1]
Sat Mar 31 10:37:34 CST 2012  [error] RHS of #set statement is null. Context will not be modified. TsDrawbackreason [line 11, column 1]
Sat Mar 31 10:37:34 CST 2012  [error] RHS of #set statement is null. Context will not be modified. TsDrawbackreason [line 12, column 1]
Sat Mar 31 10:37:34 CST 2012  [error] RHS of #set statement is null. Context will not be modified. TsGenbankandreckbank [line 11, column 1]
Sat Mar 31 10:37:34 CST 2012  [error] RHS of #set statement is null. Context will not be modified. TsGenbankandreckbank [line 12, column 1]
Sat Mar 31 10:37:34 CST 2012  [error] RHS of #set statement is null. Context will not be modified. TsInfoconnorg [line 11, column 1]
Sat Mar 31 10:37:34 CST 2012  [error] RHS of #set statement is null. Context will not be modified. TsInfoconnorg [line 12, column 1]
Sat Mar 31 10:37:34 CST 2012  [error] RHS of #set statement is null. Context will not be modified. TsInfoconnorgacc [line 11, column 1]
Sat Mar 31 10:37:34 CST 2012  [error] RHS of #set statement is null. Context will not be modified. TsInfoconnorgacc [line 12, column 1]
Sat Mar 31 10:37:34 CST 2012  [error] RHS of #set statement is null. Context will not be modified. TsInfotaxorg [line 11, column 1]
Sat Mar 31 10:37:34 CST 2012  [error] RHS of #set statement is null. Context will not be modified. TsInfotaxorg [line 12, column 1]
Sat Mar 31 10:37:34 CST 2012  [error] RHS of #set statement is null. Context will not be modified. TsOperationform [line 11, column 1]
Sat Mar 31 10:37:34 CST 2012  [error] RHS of #set statement is null. Context will not be modified. TsOperationform [line 12, column 1]
Sat Mar 31 10:37:34 CST 2012  [error] RHS of #set statement is null. Context will not be modified. TsOperationmodel [line 11, column 1]
Sat Mar 31 10:37:34 CST 2012  [error] RHS of #set statement is null. Context will not be modified. TsOperationmodel [line 12, column 1]
Sat Mar 31 10:37:34 CST 2012  [error] RHS of #set statement is null. Context will not be modified. TsOperationplace [line 11, column 1]
Sat Mar 31 10:37:34 CST 2012  [error] RHS of #set statement is null. Context will not be modified. TsOperationplace [line 12, column 1]
Sat Mar 31 10:37:34 CST 2012  [error] RHS of #set statement is null. Context will not be modified. TsOperationtype [line 11, column 1]
Sat Mar 31 10:37:34 CST 2012  [error] RHS of #set statement is null. Context will not be modified. TsOperationtype [line 12, column 1]
Sat Mar 31 10:37:35 CST 2012  [error] RHS of #set statement is null. Context will not be modified. TsOrgan [line 11, column 1]
Sat Mar 31 10:37:35 CST 2012  [error] RHS of #set statement is null. Context will not be modified. TsOrgan [line 12, column 1]
Sat Mar 31 10:37:35 CST 2012  [error] RHS of #set statement is null. Context will not be modified. TsPaybank [line 11, column 1]
Sat Mar 31 10:37:35 CST 2012  [error] RHS of #set statement is null. Context will not be modified. TsPaybank [line 12, column 1]
Sat Mar 31 10:37:35 CST 2012  [error] RHS of #set statement is null. Context will not be modified. TsStamptype [line 11, column 1]
Sat Mar 31 10:37:35 CST 2012  [error] RHS of #set statement is null. Context will not be modified. TsStamptype [line 12, column 1]
Sat Mar 31 10:37:35 CST 2012  [error] RHS of #set statement is null. Context will not be modified. TsSysbatch [line 11, column 1]
Sat Mar 31 10:37:35 CST 2012  [error] RHS of #set statement is null. Context will not be modified. TsSysbatch [line 12, column 1]
Sat Mar 31 10:37:35 CST 2012  [error] RHS of #set statement is null. Context will not be modified. TsSysfunc [line 11, column 1]
Sat Mar 31 10:37:35 CST 2012  [error] RHS of #set statement is null. Context will not be modified. TsSysfunc [line 12, column 1]
Sat Mar 31 10:37:35 CST 2012  [error] RHS of #set statement is null. Context will not be modified. TsSyslog [line 11, column 1]
Sat Mar 31 10:37:35 CST 2012  [error] RHS of #set statement is null. Context will not be modified. TsSyslog [line 12, column 1]
Sat Mar 31 10:37:35 CST 2012  [error] RHS of #set statement is null. Context will not be modified. TsSyspara [line 11, column 1]
Sat Mar 31 10:37:35 CST 2012  [error] RHS of #set statement is null. Context will not be modified. TsSyspara [line 12, column 1]
Sat Mar 31 10:37:35 CST 2012  [error] RHS of #set statement is null. Context will not be modified. TsSystem [line 11, column 1]
Sat Mar 31 10:37:35 CST 2012  [error] RHS of #set statement is null. Context will not be modified. TsSystem [line 12, column 1]
Sat Mar 31 10:37:35 CST 2012  [error] RHS of #set statement is null. Context will not be modified. TsTaxorg [line 11, column 1]
Sat Mar 31 10:37:35 CST 2012  [error] RHS of #set statement is null. Context will not be modified. TsTaxorg [line 12, column 1]
Sat Mar 31 10:37:35 CST 2012  [error] RHS of #set statement is null. Context will not be modified. TsTreasury [line 11, column 1]
Sat Mar 31 10:37:35 CST 2012  [error] RHS of #set statement is null. Context will not be modified. TsTreasury [line 12, column 1]
Sat Mar 31 10:37:36 CST 2012  [error] RHS of #set statement is null. Context will not be modified. TsUsers [line 11, column 1]
Sat Mar 31 10:37:36 CST 2012  [error] RHS of #set statement is null. Context will not be modified. TsUsers [line 12, column 1]
Sat Mar 31 10:37:36 CST 2012  [error] RHS of #set statement is null. Context will not be modified. TsUsersfunc [line 11, column 1]
Sat Mar 31 10:37:36 CST 2012  [error] RHS of #set statement is null. Context will not be modified. TsUsersfunc [line 12, column 1]
Sat Mar 31 10:37:36 CST 2012  [error] RHS of #set statement is null. Context will not be modified. TsUserstamp [line 11, column 1]
Sat Mar 31 10:37:36 CST 2012  [error] RHS of #set statement is null. Context will not be modified. TsUserstamp [line 12, column 1]
Sat Mar 31 10:37:36 CST 2012  [error] RHS of #set statement is null. Context will not be modified. TsUserstampfunction [line 11, column 1]
Sat Mar 31 10:37:36 CST 2012  [error] RHS of #set statement is null. Context will not be modified. TsUserstampfunction [line 12, column 1]
Sat Mar 31 10:37:36 CST 2012  [error] RHS of #set statement is null. Context will not be modified. TvDirectpayfilemain [line 11, column 1]
Sat Mar 31 10:37:36 CST 2012  [error] RHS of #set statement is null. Context will not be modified. TvDirectpayfilemain [line 12, column 1]
Sat Mar 31 10:37:36 CST 2012  [error] RHS of #set statement is null. Context will not be modified. TvDirectpayfilemainTmp [line 11, column 1]
Sat Mar 31 10:37:36 CST 2012  [error] RHS of #set statement is null. Context will not be modified. TvDirectpayfilemainTmp [line 12, column 1]
Sat Mar 31 10:37:36 CST 2012  [error] RHS of #set statement is null. Context will not be modified. TvDirectpayfilesub [line 11, column 1]
Sat Mar 31 10:37:36 CST 2012  [error] RHS of #set statement is null. Context will not be modified. TvDirectpayfilesub [line 12, column 1]
Sat Mar 31 10:37:36 CST 2012  [error] RHS of #set statement is null. Context will not be modified. TvDirectpayfilesubTmp [line 11, column 1]
Sat Mar 31 10:37:36 CST 2012  [error] RHS of #set statement is null. Context will not be modified. TvDirectpayfilesubTmp [line 12, column 1]
Sat Mar 31 10:37:36 CST 2012  [error] RHS of #set statement is null. Context will not be modified. TvDirectpaymsgmain [line 11, column 1]
Sat Mar 31 10:37:36 CST 2012  [error] RHS of #set statement is null. Context will not be modified. TvDirectpaymsgmain [line 12, column 1]
Sat Mar 31 10:37:37 CST 2012  [error] RHS of #set statement is null. Context will not be modified. TvDirectpaymsgsub [line 11, column 1]
Sat Mar 31 10:37:37 CST 2012  [error] RHS of #set statement is null. Context will not be modified. TvDirectpaymsgsub [line 12, column 1]
Sat Mar 31 10:37:37 CST 2012  [error] RHS of #set statement is null. Context will not be modified. TvDrawbackdata [line 11, column 1]
Sat Mar 31 10:37:37 CST 2012  [error] RHS of #set statement is null. Context will not be modified. TvDrawbackdata [line 12, column 1]
Sat Mar 31 10:37:37 CST 2012  [error] RHS of #set statement is null. Context will not be modified. TvDrawbackreq [line 11, column 1]
Sat Mar 31 10:37:37 CST 2012  [error] RHS of #set statement is null. Context will not be modified. TvDrawbackreq [line 12, column 1]
Sat Mar 31 10:37:37 CST 2012  [error] RHS of #set statement is null. Context will not be modified. TvDwbk [line 11, column 1]
Sat Mar 31 10:37:37 CST 2012  [error] RHS of #set statement is null. Context will not be modified. TvDwbk [line 12, column 1]
Sat Mar 31 10:37:37 CST 2012  [error] RHS of #set statement is null. Context will not be modified. TvFilepackageref [line 11, column 1]
Sat Mar 31 10:37:37 CST 2012  [error] RHS of #set statement is null. Context will not be modified. TvFilepackageref [line 12, column 1]
Sat Mar 31 10:37:37 CST 2012  [error] RHS of #set statement is null. Context will not be modified. TvFiles [line 11, column 1]
Sat Mar 31 10:37:37 CST 2012  [error] RHS of #set statement is null. Context will not be modified. TvFiles [line 12, column 1]
Sat Mar 31 10:37:37 CST 2012  [error] RHS of #set statement is null. Context will not be modified. TvFinIncomeDetail [line 11, column 1]
Sat Mar 31 10:37:37 CST 2012  [error] RHS of #set statement is null. Context will not be modified. TvFinIncomeDetail [line 12, column 1]
Sat Mar 31 10:37:37 CST 2012  [error] RHS of #set statement is null. Context will not be modified. TvFinIncomeonline [line 11, column 1]
Sat Mar 31 10:37:37 CST 2012  [error] RHS of #set statement is null. Context will not be modified. TvFinIncomeonline [line 12, column 1]
Sat Mar 31 10:37:38 CST 2012  [error] RHS of #set statement is null. Context will not be modified. TvFinIncomeonlineDivide [line 11, column 1]
Sat Mar 31 10:37:38 CST 2012  [error] RHS of #set statement is null. Context will not be modified. TvFinIncomeonlineDivide [line 12, column 1]
Sat Mar 31 10:37:38 CST 2012  [error] RHS of #set statement is null. Context will not be modified. TvGrantpayfilemain [line 11, column 1]
Sat Mar 31 10:37:38 CST 2012  [error] RHS of #set statement is null. Context will not be modified. TvGrantpayfilemain [line 12, column 1]
Sat Mar 31 10:37:38 CST 2012  [error] RHS of #set statement is null. Context will not be modified. TvGrantpayfilemainTmp [line 11, column 1]
Sat Mar 31 10:37:38 CST 2012  [error] RHS of #set statement is null. Context will not be modified. TvGrantpayfilemainTmp [line 12, column 1]
Sat Mar 31 10:37:38 CST 2012  [error] RHS of #set statement is null. Context will not be modified. TvGrantpayfilesub [line 11, column 1]
Sat Mar 31 10:37:38 CST 2012  [error] RHS of #set statement is null. Context will not be modified. TvGrantpayfilesub [line 12, column 1]
Sat Mar 31 10:37:38 CST 2012  [error] RHS of #set statement is null. Context will not be modified. TvGrantpayfilesubTmp [line 11, column 1]
Sat Mar 31 10:37:38 CST 2012  [error] RHS of #set statement is null. Context will not be modified. TvGrantpayfilesubTmp [line 12, column 1]
Sat Mar 31 10:37:38 CST 2012  [error] RHS of #set statement is null. Context will not be modified. TvGrantpaymsgmain [line 11, column 1]
Sat Mar 31 10:37:38 CST 2012  [error] RHS of #set statement is null. Context will not be modified. TvGrantpaymsgmain [line 12, column 1]
Sat Mar 31 10:37:38 CST 2012  [error] RHS of #set statement is null. Context will not be modified. TvGrantpaymsgsub [line 11, column 1]
Sat Mar 31 10:37:38 CST 2012  [error] RHS of #set statement is null. Context will not be modified. TvGrantpaymsgsub [line 12, column 1]
Sat Mar 31 10:37:38 CST 2012  [error] RHS of #set statement is null. Context will not be modified. TvInCorrhandbook [line 11, column 1]
Sat Mar 31 10:37:38 CST 2012  [error] RHS of #set statement is null. Context will not be modified. TvInCorrhandbook [line 12, column 1]
Sat Mar 31 10:37:38 CST 2012  [error] RHS of #set statement is null. Context will not be modified. TvInfile [line 11, column 1]
Sat Mar 31 10:37:38 CST 2012  [error] RHS of #set statement is null. Context will not be modified. TvInfile [line 12, column 1]
Sat Mar 31 10:37:38 CST 2012  [error] RHS of #set statement is null. Context will not be modified. TvInfileDetail [line 11, column 1]
Sat Mar 31 10:37:38 CST 2012  [error] RHS of #set statement is null. Context will not be modified. TvInfileDetail [line 12, column 1]
Sat Mar 31 10:37:39 CST 2012  [error] RHS of #set statement is null. Context will not be modified. TvInfileTmp [line 11, column 1]
Sat Mar 31 10:37:39 CST 2012  [error] RHS of #set statement is null. Context will not be modified. TvInfileTmp [line 12, column 1]
Sat Mar 31 10:37:39 CST 2012  [error] RHS of #set statement is null. Context will not be modified. TvInfileTmpCountry [line 11, column 1]
Sat Mar 31 10:37:39 CST 2012  [error] RHS of #set statement is null. Context will not be modified. TvInfileTmpCountry [line 12, column 1]
Sat Mar 31 10:37:39 CST 2012  [error] RHS of #set statement is null. Context will not be modified. TvInfileTmpPlace [line 11, column 1]
Sat Mar 31 10:37:39 CST 2012  [error] RHS of #set statement is null. Context will not be modified. TvInfileTmpPlace [line 12, column 1]
Sat Mar 31 10:37:39 CST 2012  [error] RHS of #set statement is null. Context will not be modified. TvInfileTmpPlaceModel [line 11, column 1]
Sat Mar 31 10:37:39 CST 2012  [error] RHS of #set statement is null. Context will not be modified. TvInfileTmpPlaceModel [line 12, column 1]
Sat Mar 31 10:37:39 CST 2012  [error] RHS of #set statement is null. Context will not be modified. TvInfileTmpTips [line 11, column 1]
Sat Mar 31 10:37:39 CST 2012  [error] RHS of #set statement is null. Context will not be modified. TvInfileTmpTips [line 12, column 1]
Sat Mar 31 10:37:39 CST 2012  [error] RHS of #set statement is null. Context will not be modified. TvPayoutfinance [line 11, column 1]
Sat Mar 31 10:37:39 CST 2012  [error] RHS of #set statement is null. Context will not be modified. TvPayoutfinance [line 12, column 1]
Sat Mar 31 10:37:39 CST 2012  [error] RHS of #set statement is null. Context will not be modified. TvPayoutfinanceMain [line 11, column 1]
Sat Mar 31 10:37:39 CST 2012  [error] RHS of #set statement is null. Context will not be modified. TvPayoutfinanceMain [line 12, column 1]
Sat Mar 31 10:37:39 CST 2012  [error] RHS of #set statement is null. Context will not be modified. TvPayoutfinanceSub [line 11, column 1]
Sat Mar 31 10:37:39 CST 2012  [error] RHS of #set statement is null. Context will not be modified. TvPayoutfinanceSub [line 12, column 1]
Sat Mar 31 10:37:39 CST 2012  [error] RHS of #set statement is null. Context will not be modified. TvPayoutmsgmain [line 11, column 1]
Sat Mar 31 10:37:39 CST 2012  [error] RHS of #set statement is null. Context will not be modified. TvPayoutmsgmain [line 12, column 1]
Sat Mar 31 10:37:40 CST 2012  [error] RHS of #set statement is null. Context will not be modified. TvPayoutmsgsub [line 11, column 1]
Sat Mar 31 10:37:40 CST 2012  [error] RHS of #set statement is null. Context will not be modified. TvPayoutmsgsub [line 12, column 1]
Sat Mar 31 10:37:40 CST 2012  [error] RHS of #set statement is null. Context will not be modified. TvRecvlog [line 11, column 1]
Sat Mar 31 10:37:40 CST 2012  [error] RHS of #set statement is null. Context will not be modified. TvRecvlog [line 12, column 1]
Sat Mar 31 10:37:40 CST 2012  [error] RHS of #set statement is null. Context will not be modified. TvSendlog [line 11, column 1]
Sat Mar 31 10:37:40 CST 2012  [error] RHS of #set statement is null. Context will not be modified. TvSendlog [line 12, column 1]
Sat Mar 31 10:37:40 CST 2012  [error] RHS of #set statement is null. Context will not be modified. TvTaxorgIncome [line 11, column 1]
Sat Mar 31 10:37:40 CST 2012  [error] RHS of #set statement is null. Context will not be modified. TvTaxorgIncome [line 12, column 1]
Sat Mar 31 10:37:40 CST 2012  [error] RHS of #set statement is null. Context will not be modified. TvTips3201 [line 11, column 1]
Sat Mar 31 10:37:40 CST 2012  [error] RHS of #set statement is null. Context will not be modified. TvTips3201 [line 12, column 1]
